<?xml version="1.0" encoding="UTF-8"?>
<coverage generated="1572806497370" clover="3.2.0">
  <project timestamp="1572806497371" name="All files">
    <metrics statements="176" coveredstatements="175" conditionals="60" coveredconditionals="57" methods="32" coveredmethods="31" elements="268" coveredelements="263" complexity="0" loc="176" ncloc="176" packages="4" files="8" classes="8">
      <package name="cryptochain">
        <metrics statements="7" coveredstatements="7" conditionals="0" coveredconditionals="0" methods="0" coveredmethods="0"/>
        <file name="config.js" path="/Users/liyuncheng/git_proj/cryptochain/config.js">
          <metrics statements="7" coveredstatements="7" conditionals="0" coveredconditionals="0" methods="0" coveredmethods="0"/>
          <line num="1" count="5" type="stmt"/>
          <line num="2" count="5" type="stmt"/>
          <line num="4" count="5" type="stmt"/>
          <line num="13" count="5" type="stmt"/>
          <line num="15" count="5" type="stmt"/>
          <line num="19" count="5" type="stmt"/>
          <line num="21" count="5" type="stmt"/>
        </file>
      </package>
      <package name="cryptochain.blockchain">
        <metrics statements="82" coveredstatements="82" conditionals="34" coveredconditionals="33" methods="9" coveredmethods="9"/>
        <file name="block.js" path="/Users/liyuncheng/git_proj/cryptochain/blockchain/block.js">
          <metrics statements="24" coveredstatements="24" conditionals="4" coveredconditionals="4" methods="4" coveredmethods="4"/>
          <line num="1" count="4" type="stmt"/>
          <line num="2" count="4" type="stmt"/>
          <line num="3" count="4" type="stmt"/>
          <line num="7" count="106" type="stmt"/>
          <line num="8" count="106" type="stmt"/>
          <line num="9" count="106" type="stmt"/>
          <line num="10" count="106" type="stmt"/>
          <line num="11" count="106" type="stmt"/>
          <line num="12" count="106" type="stmt"/>
          <line num="16" count="61" type="stmt"/>
          <line num="20" count="43" type="stmt"/>
          <line num="23" count="43" type="stmt"/>
          <line num="24" count="43" type="stmt"/>
          <line num="26" count="43" type="stmt"/>
          <line num="27" count="264" type="stmt"/>
          <line num="28" count="264" type="stmt"/>
          <line num="29" count="264" type="stmt"/>
          <line num="33" count="264" type="stmt"/>
          <line num="39" count="43" type="stmt"/>
          <line num="44" count="267" type="stmt"/>
          <line num="46" count="267" type="cond" truecount="2" falsecount="0"/>
          <line num="48" count="266" type="cond" truecount="2" falsecount="0"/>
          <line num="50" count="210" type="stmt"/>
          <line num="54" count="4" type="stmt"/>
        </file>
        <file name="index.js" path="/Users/liyuncheng/git_proj/cryptochain/blockchain/index.js">
          <metrics statements="58" coveredstatements="58" conditionals="30" coveredconditionals="29" methods="5" coveredmethods="5"/>
          <line num="1" count="3" type="stmt"/>
          <line num="2" count="3" type="stmt"/>
          <line num="3" count="3" type="stmt"/>
          <line num="4" count="3" type="stmt"/>
          <line num="5" count="3" type="stmt"/>
          <line num="9" count="48" type="stmt"/>
          <line num="13" count="42" type="stmt"/>
          <line num="18" count="42" type="stmt"/>
          <line num="25" count="7" type="cond" truecount="2" falsecount="0"/>
          <line num="26" count="2" type="stmt"/>
          <line num="27" count="2" type="stmt"/>
          <line num="30" count="5" type="cond" truecount="2" falsecount="0"/>
          <line num="31" count="2" type="stmt"/>
          <line num="32" count="2" type="stmt"/>
          <line num="35" count="3" type="cond" truecount="4" falsecount="0"/>
          <line num="36" count="1" type="stmt"/>
          <line num="37" count="1" type="stmt"/>
          <line num="40" count="2" type="cond" truecount="1" falsecount="1"/>
          <line num="41" count="2" type="stmt"/>
          <line num="42" count="2" type="stmt"/>
          <line num="46" count="6" type="stmt"/>
          <line num="47" count="6" type="stmt"/>
          <line num="48" count="6" type="stmt"/>
          <line num="49" count="6" type="stmt"/>
          <line num="51" count="6" type="stmt"/>
          <line num="52" count="11" type="cond" truecount="2" falsecount="0"/>
          <line num="53" count="4" type="stmt"/>
          <line num="55" count="4" type="cond" truecount="2" falsecount="0"/>
          <line num="56" count="1" type="stmt"/>
          <line num="57" count="1" type="stmt"/>
          <line num="60" count="3" type="cond" truecount="2" falsecount="0"/>
          <line num="61" count="1" type="stmt"/>
          <line num="62" count="1" type="stmt"/>
          <line num="63" count="1" type="stmt"/>
          <line num="67" count="7" type="cond" truecount="2" falsecount="0"/>
          <line num="68" count="1" type="stmt"/>
          <line num="69" count="1" type="stmt"/>
          <line num="72" count="6" type="stmt"/>
          <line num="79" count="6" type="cond" truecount="2" falsecount="0"/>
          <line num="80" count="1" type="stmt"/>
          <line num="81" count="1" type="stmt"/>
          <line num="85" count="5" type="cond" truecount="2" falsecount="0"/>
          <line num="86" count="1" type="stmt"/>
          <line num="89" count="1" type="stmt"/>
          <line num="91" count="4" type="stmt"/>
          <line num="96" count="1" type="stmt"/>
          <line num="101" count="10" type="cond" truecount="2" falsecount="0"/>
          <line num="102" count="1" type="stmt"/>
          <line num="105" count="9" type="stmt"/>
          <line num="106" count="22" type="stmt"/>
          <line num="107" count="22" type="stmt"/>
          <line num="108" count="22" type="stmt"/>
          <line num="111" count="22" type="cond" truecount="2" falsecount="0"/>
          <line num="113" count="21" type="stmt"/>
          <line num="121" count="21" type="cond" truecount="2" falsecount="0"/>
          <line num="123" count="18" type="cond" truecount="2" falsecount="0"/>
          <line num="126" count="4" type="stmt"/>
          <line num="130" count="3" type="stmt"/>
        </file>
      </package>
      <package name="cryptochain.util">
        <metrics statements="14" coveredstatements="14" conditionals="0" coveredconditionals="0" methods="3" coveredmethods="3"/>
        <file name="crypto-hash.js" path="/Users/liyuncheng/git_proj/cryptochain/util/crypto-hash.js">
          <metrics statements="7" coveredstatements="7" conditionals="0" coveredconditionals="0" methods="2" coveredmethods="2"/>
          <line num="1" count="6" type="stmt"/>
          <line num="3" count="6" type="stmt"/>
          <line num="4" count="406" type="stmt"/>
          <line num="6" count="406" type="stmt"/>
          <line num="8" count="1558" type="stmt"/>
          <line num="13" count="406" type="stmt"/>
          <line num="16" count="6" type="stmt"/>
        </file>
        <file name="index.js" path="/Users/liyuncheng/git_proj/cryptochain/util/index.js">
          <metrics statements="7" coveredstatements="7" conditionals="0" coveredconditionals="0" methods="1" coveredmethods="1"/>
          <line num="1" count="4" type="stmt"/>
          <line num="3" count="4" type="stmt"/>
          <line num="4" count="4" type="stmt"/>
          <line num="6" count="4" type="stmt"/>
          <line num="7" count="23" type="stmt"/>
          <line num="9" count="23" type="stmt"/>
          <line num="12" count="4" type="stmt"/>
        </file>
      </package>
      <package name="cryptochain.wallet">
        <metrics statements="73" coveredstatements="72" conditionals="26" coveredconditionals="24" methods="20" coveredmethods="19"/>
        <file name="index.js" path="/Users/liyuncheng/git_proj/cryptochain/wallet/index.js">
          <metrics statements="26" coveredstatements="26" conditionals="12" coveredconditionals="11" methods="4" coveredmethods="4"/>
          <line num="1" count="4" type="stmt"/>
          <line num="2" count="4" type="stmt"/>
          <line num="3" count="4" type="stmt"/>
          <line num="7" count="69" type="stmt"/>
          <line num="8" count="69" type="stmt"/>
          <line num="9" count="69" type="stmt"/>
          <line num="14" count="91" type="stmt"/>
          <line num="19" count="27" type="cond" truecount="2" falsecount="0"/>
          <line num="20" count="1" type="stmt"/>
          <line num="26" count="27" type="cond" truecount="2" falsecount="0"/>
          <line num="27" count="1" type="stmt"/>
          <line num="30" count="26" type="stmt"/>
          <line num="35" count="10" type="stmt"/>
          <line num="36" count="10" type="stmt"/>
          <line num="37" count="10" type="stmt"/>
          <line num="38" count="4" type="stmt"/>
          <line num="40" count="4" type="stmt"/>
          <line num="41" count="6" type="cond" truecount="2" falsecount="0"/>
          <line num="42" count="2" type="stmt"/>
          <line num="44" count="6" type="stmt"/>
          <line num="46" count="6" type="cond" truecount="1" falsecount="1"/>
          <line num="47" count="6" type="stmt"/>
          <line num="50" count="4" type="cond" truecount="2" falsecount="0"/>
          <line num="51" count="2" type="stmt"/>
          <line num="55" count="10" type="cond" truecount="2" falsecount="0"/>
          <line num="61" count="4" type="stmt"/>
        </file>
        <file name="transaction-pool.js" path="/Users/liyuncheng/git_proj/cryptochain/wallet/transaction-pool.js">
          <metrics statements="16" coveredstatements="15" conditionals="2" coveredconditionals="1" methods="9" coveredmethods="8"/>
          <line num="1" count="1" type="stmt"/>
          <line num="10" count="6" type="stmt"/>
          <line num="14" count="28" type="stmt"/>
          <line num="18" count="0" type="stmt"/>
          <line num="22" count="1" type="stmt"/>
          <line num="26" count="1" type="stmt"/>
          <line num="28" count="1" type="stmt"/>
          <line num="29" count="1" type="stmt"/>
          <line num="34" count="2" type="stmt"/>
          <line num="35" count="20" type="stmt"/>
          <line num="40" count="1" type="stmt"/>
          <line num="41" count="3" type="stmt"/>
          <line num="43" count="3" type="stmt"/>
          <line num="44" count="3" type="cond" truecount="1" falsecount="1"/>
          <line num="45" count="3" type="stmt"/>
          <line num="52" count="1" type="stmt"/>
        </file>
        <file name="transaction.js" path="/Users/liyuncheng/git_proj/cryptochain/wallet/transaction.js">
          <metrics statements="31" coveredstatements="31" conditionals="12" coveredconditionals="12" methods="7" coveredmethods="7"/>
          <line num="1" count="4" type="stmt"/>
          <line num="2" count="4" type="stmt"/>
          <line num="3" count="4" type="stmt"/>
          <line num="8" count="82" type="stmt"/>
          <line num="9" count="82" type="stmt"/>
          <line num="11" count="82" type="stmt"/>
          <line num="17" count="73" type="stmt"/>
          <line num="19" count="73" type="stmt"/>
          <line num="20" count="73" type="stmt"/>
          <line num="22" count="73" type="stmt"/>
          <line num="26" count="81" type="stmt"/>
          <line num="38" count="30" type="stmt"/>
          <line num="39" count="30" type="stmt"/>
          <line num="40" count="30" type="stmt"/>
          <line num="43" count="30" type="cond" truecount="2" falsecount="0"/>
          <line num="44" count="10" type="stmt"/>
          <line num="45" count="10" type="stmt"/>
          <line num="48" count="20" type="cond" truecount="2" falsecount="0"/>
          <line num="49" count="7" type="stmt"/>
          <line num="50" count="7" type="stmt"/>
          <line num="52" count="13" type="stmt"/>
          <line num="57" count="9" type="cond" truecount="2" falsecount="0"/>
          <line num="58" count="1" type="stmt"/>
          <line num="62" count="8" type="cond" truecount="2" falsecount="0"/>
          <line num="63" count="6" type="stmt"/>
          <line num="65" count="2" type="stmt"/>
          <line num="69" count="8" type="stmt"/>
          <line num="71" count="8" type="stmt"/>
          <line num="75" count="9" type="stmt"/>
          <line num="83" count="4" type="stmt"/>
          <line num="84" count="4" type="stmt"/>
        </file>
      </package>
    </metrics>
  </project>
</coverage>
