{"/Users/liyuncheng/git_proj/cryptochain/config.js": {"path":"/Users/liyuncheng/git_proj/cryptochain/config.js","statementMap":{"0":{"start":{"line":1,"column":18},"end":{"line":1,"column":22}},"1":{"start":{"line":2,"column":27},"end":{"line":2,"column":28}},"2":{"start":{"line":4,"column":21},"end":{"line":11,"column":1}},"3":{"start":{"line":13,"column":25},"end":{"line":13,"column":29}},"4":{"start":{"line":15,"column":21},"end":{"line":17,"column":1}},"5":{"start":{"line":19,"column":22},"end":{"line":19,"column":24}},"6":{"start":{"line":21,"column":0},"end":{"line":27,"column":2}}},"fnMap":{},"branchMap":{},"s":{"0":5,"1":5,"2":5,"3":5,"4":5,"5":5,"6":5},"f":{},"b":{},"_coverageSchema":"332fd63041d2c1bcb487cc26dd0d5f7d97098a6c","hash":"40afa93ec0a233ad389ddfa29176103863f811b6"}
,"/Users/liyuncheng/git_proj/cryptochain/blockchain/block.js": {"path":"/Users/liyuncheng/git_proj/cryptochain/blockchain/block.js","statementMap":{"0":{"start":{"line":1,"column":20},"end":{"line":1,"column":44}},"1":{"start":{"line":2,"column":36},"end":{"line":2,"column":56}},"2":{"start":{"line":3,"column":19},"end":{"line":3,"column":49}},"3":{"start":{"line":7,"column":4},"end":{"line":7,"column":31}},"4":{"start":{"line":8,"column":4},"end":{"line":8,"column":29}},"5":{"start":{"line":9,"column":4},"end":{"line":9,"column":21}},"6":{"start":{"line":10,"column":4},"end":{"line":10,"column":21}},"7":{"start":{"line":11,"column":4},"end":{"line":11,"column":23}},"8":{"start":{"line":12,"column":4},"end":{"line":12,"column":33}},"9":{"start":{"line":16,"column":4},"end":{"line":16,"column":34}},"10":{"start":{"line":20,"column":21},"end":{"line":20,"column":35}},"11":{"start":{"line":23,"column":25},"end":{"line":23,"column":34}},"12":{"start":{"line":24,"column":16},"end":{"line":24,"column":17}},"13":{"start":{"line":26,"column":4},"end":{"line":37,"column":6}},"14":{"start":{"line":27,"column":6},"end":{"line":27,"column":14}},"15":{"start":{"line":28,"column":6},"end":{"line":28,"column":29}},"16":{"start":{"line":29,"column":6},"end":{"line":32,"column":9}},"17":{"start":{"line":33,"column":6},"end":{"line":33,"column":70}},"18":{"start":{"line":39,"column":4},"end":{"line":39,"column":76}},"19":{"start":{"line":44,"column":27},"end":{"line":44,"column":40}},"20":{"start":{"line":46,"column":4},"end":{"line":46,"column":33}},"21":{"start":{"line":46,"column":24},"end":{"line":46,"column":33}},"22":{"start":{"line":48,"column":4},"end":{"line":48,"column":79}},"23":{"start":{"line":48,"column":57},"end":{"line":48,"column":79}},"24":{"start":{"line":50,"column":4},"end":{"line":50,"column":26}},"25":{"start":{"line":54,"column":0},"end":{"line":54,"column":23}}},"fnMap":{"0":{"name":"(anonymous_0)","decl":{"start":{"line":6,"column":2},"end":{"line":6,"column":3}},"loc":{"start":{"line":6,"column":70},"end":{"line":13,"column":3}},"line":6},"1":{"name":"(anonymous_1)","decl":{"start":{"line":15,"column":2},"end":{"line":15,"column":3}},"loc":{"start":{"line":15,"column":19},"end":{"line":17,"column":3}},"line":15},"2":{"name":"(anonymous_2)","decl":{"start":{"line":19,"column":2},"end":{"line":19,"column":3}},"loc":{"start":{"line":19,"column":40},"end":{"line":40,"column":3}},"line":19},"3":{"name":"(anonymous_3)","decl":{"start":{"line":43,"column":2},"end":{"line":43,"column":3}},"loc":{"start":{"line":43,"column":56},"end":{"line":51,"column":3}},"line":43}},"branchMap":{"0":{"loc":{"start":{"line":46,"column":4},"end":{"line":46,"column":33}},"type":"if","locations":[{"start":{"line":46,"column":4},"end":{"line":46,"column":33}},{"start":{"line":46,"column":4},"end":{"line":46,"column":33}}],"line":46},"1":{"loc":{"start":{"line":48,"column":4},"end":{"line":48,"column":79}},"type":"if","locations":[{"start":{"line":48,"column":4},"end":{"line":48,"column":79}},{"start":{"line":48,"column":4},"end":{"line":48,"column":79}}],"line":48}},"s":{"0":4,"1":4,"2":4,"3":106,"4":106,"5":106,"6":106,"7":106,"8":106,"9":61,"10":43,"11":43,"12":43,"13":43,"14":264,"15":264,"16":264,"17":264,"18":43,"19":267,"20":267,"21":1,"22":266,"23":56,"24":210,"25":4},"f":{"0":106,"1":61,"2":43,"3":267},"b":{"0":[1,266],"1":[56,210]},"_coverageSchema":"332fd63041d2c1bcb487cc26dd0d5f7d97098a6c","hash":"e9e4360cba9d7e05078e87144be824fc283cc842"}
,"/Users/liyuncheng/git_proj/cryptochain/blockchain/index.js": {"path":"/Users/liyuncheng/git_proj/cryptochain/blockchain/index.js","statementMap":{"0":{"start":{"line":1,"column":14},"end":{"line":1,"column":32}},"1":{"start":{"line":2,"column":20},"end":{"line":2,"column":52}},"2":{"start":{"line":3,"column":15},"end":{"line":3,"column":35}},"3":{"start":{"line":4,"column":23},"end":{"line":4,"column":41}},"4":{"start":{"line":5,"column":40},"end":{"line":5,"column":60}},"5":{"start":{"line":9,"column":4},"end":{"line":9,"column":35}},"6":{"start":{"line":13,"column":21},"end":{"line":16,"column":6}},"7":{"start":{"line":18,"column":4},"end":{"line":18,"column":30}},"8":{"start":{"line":25,"column":4},"end":{"line":28,"column":5}},"9":{"start":{"line":26,"column":6},"end":{"line":26,"column":57}},"10":{"start":{"line":27,"column":6},"end":{"line":27,"column":13}},"11":{"start":{"line":30,"column":4},"end":{"line":33,"column":5}},"12":{"start":{"line":31,"column":6},"end":{"line":31,"column":56}},"13":{"start":{"line":32,"column":6},"end":{"line":32,"column":13}},"14":{"start":{"line":35,"column":4},"end":{"line":38,"column":5}},"15":{"start":{"line":36,"column":6},"end":{"line":36,"column":59}},"16":{"start":{"line":37,"column":6},"end":{"line":37,"column":13}},"17":{"start":{"line":40,"column":4},"end":{"line":40,"column":31}},"18":{"start":{"line":40,"column":19},"end":{"line":40,"column":31}},"19":{"start":{"line":41,"column":4},"end":{"line":41,"column":47}},"20":{"start":{"line":42,"column":4},"end":{"line":42,"column":23}},"21":{"start":{"line":46,"column":4},"end":{"line":94,"column":5}},"22":{"start":{"line":47,"column":20},"end":{"line":47,"column":28}},"23":{"start":{"line":48,"column":29},"end":{"line":48,"column":38}},"24":{"start":{"line":49,"column":35},"end":{"line":49,"column":36}},"25":{"start":{"line":51,"column":6},"end":{"line":93,"column":7}},"26":{"start":{"line":52,"column":8},"end":{"line":92,"column":9}},"27":{"start":{"line":53,"column":10},"end":{"line":53,"column":38}},"28":{"start":{"line":55,"column":10},"end":{"line":58,"column":11}},"29":{"start":{"line":56,"column":12},"end":{"line":56,"column":56}},"30":{"start":{"line":57,"column":12},"end":{"line":57,"column":25}},"31":{"start":{"line":60,"column":10},"end":{"line":64,"column":11}},"32":{"start":{"line":61,"column":12},"end":{"line":61,"column":78}},"33":{"start":{"line":62,"column":12},"end":{"line":62,"column":60}},"34":{"start":{"line":63,"column":12},"end":{"line":63,"column":25}},"35":{"start":{"line":67,"column":10},"end":{"line":70,"column":11}},"36":{"start":{"line":68,"column":12},"end":{"line":68,"column":49}},"37":{"start":{"line":69,"column":12},"end":{"line":69,"column":25}},"38":{"start":{"line":72,"column":30},"end":{"line":76,"column":12}},"39":{"start":{"line":79,"column":10},"end":{"line":82,"column":11}},"40":{"start":{"line":80,"column":12},"end":{"line":80,"column":50}},"41":{"start":{"line":81,"column":12},"end":{"line":81,"column":25}},"42":{"start":{"line":85,"column":10},"end":{"line":90,"column":11}},"43":{"start":{"line":86,"column":12},"end":{"line":88,"column":14}},"44":{"start":{"line":89,"column":12},"end":{"line":89,"column":25}},"45":{"start":{"line":91,"column":10},"end":{"line":91,"column":42}},"46":{"start":{"line":96,"column":4},"end":{"line":96,"column":16}},"47":{"start":{"line":101,"column":4},"end":{"line":103,"column":5}},"48":{"start":{"line":102,"column":6},"end":{"line":102,"column":19}},"49":{"start":{"line":105,"column":4},"end":{"line":124,"column":5}},"50":{"start":{"line":106,"column":69},"end":{"line":106,"column":77}},"51":{"start":{"line":107,"column":29},"end":{"line":107,"column":46}},"52":{"start":{"line":108,"column":29},"end":{"line":108,"column":52}},"53":{"start":{"line":111,"column":6},"end":{"line":111,"column":52}},"54":{"start":{"line":111,"column":39},"end":{"line":111,"column":52}},"55":{"start":{"line":113,"column":28},"end":{"line":119,"column":7}},"56":{"start":{"line":121,"column":6},"end":{"line":121,"column":47}},"57":{"start":{"line":121,"column":34},"end":{"line":121,"column":47}},"58":{"start":{"line":123,"column":6},"end":{"line":123,"column":66}},"59":{"start":{"line":123,"column":53},"end":{"line":123,"column":66}},"60":{"start":{"line":126,"column":4},"end":{"line":126,"column":16}},"61":{"start":{"line":130,"column":0},"end":{"line":130,"column":28}}},"fnMap":{"0":{"name":"(anonymous_0)","decl":{"start":{"line":8,"column":2},"end":{"line":8,"column":3}},"loc":{"start":{"line":8,"column":16},"end":{"line":10,"column":3}},"line":8},"1":{"name":"(anonymous_1)","decl":{"start":{"line":12,"column":2},"end":{"line":12,"column":3}},"loc":{"start":{"line":12,"column":21},"end":{"line":19,"column":3}},"line":12},"2":{"name":"(anonymous_2)","decl":{"start":{"line":24,"column":2},"end":{"line":24,"column":3}},"loc":{"start":{"line":24,"column":55},"end":{"line":43,"column":3}},"line":24},"3":{"name":"(anonymous_3)","decl":{"start":{"line":45,"column":2},"end":{"line":45,"column":3}},"loc":{"start":{"line":45,"column":34},"end":{"line":97,"column":3}},"line":45},"4":{"name":"(anonymous_4)","decl":{"start":{"line":99,"column":2},"end":{"line":99,"column":3}},"loc":{"start":{"line":99,"column":29},"end":{"line":127,"column":3}},"line":99}},"branchMap":{"0":{"loc":{"start":{"line":25,"column":4},"end":{"line":28,"column":5}},"type":"if","locations":[{"start":{"line":25,"column":4},"end":{"line":28,"column":5}},{"start":{"line":25,"column":4},"end":{"line":28,"column":5}}],"line":25},"1":{"loc":{"start":{"line":30,"column":4},"end":{"line":33,"column":5}},"type":"if","locations":[{"start":{"line":30,"column":4},"end":{"line":33,"column":5}},{"start":{"line":30,"column":4},"end":{"line":33,"column":5}}],"line":30},"2":{"loc":{"start":{"line":35,"column":4},"end":{"line":38,"column":5}},"type":"if","locations":[{"start":{"line":35,"column":4},"end":{"line":38,"column":5}},{"start":{"line":35,"column":4},"end":{"line":38,"column":5}}],"line":35},"3":{"loc":{"start":{"line":35,"column":8},"end":{"line":35,"column":69}},"type":"binary-expr","locations":[{"start":{"line":35,"column":8},"end":{"line":35,"column":28}},{"start":{"line":35,"column":32},"end":{"line":35,"column":69}}],"line":35},"4":{"loc":{"start":{"line":40,"column":4},"end":{"line":40,"column":31}},"type":"if","locations":[{"start":{"line":40,"column":4},"end":{"line":40,"column":31}},{"start":{"line":40,"column":4},"end":{"line":40,"column":31}}],"line":40},"5":{"loc":{"start":{"line":52,"column":8},"end":{"line":92,"column":9}},"type":"if","locations":[{"start":{"line":52,"column":8},"end":{"line":92,"column":9}},{"start":{"line":52,"column":8},"end":{"line":92,"column":9}}],"line":52},"6":{"loc":{"start":{"line":55,"column":10},"end":{"line":58,"column":11}},"type":"if","locations":[{"start":{"line":55,"column":10},"end":{"line":58,"column":11}},{"start":{"line":55,"column":10},"end":{"line":58,"column":11}}],"line":55},"7":{"loc":{"start":{"line":60,"column":10},"end":{"line":64,"column":11}},"type":"if","locations":[{"start":{"line":60,"column":10},"end":{"line":64,"column":11}},{"start":{"line":60,"column":10},"end":{"line":64,"column":11}}],"line":60},"8":{"loc":{"start":{"line":67,"column":10},"end":{"line":70,"column":11}},"type":"if","locations":[{"start":{"line":67,"column":10},"end":{"line":70,"column":11}},{"start":{"line":67,"column":10},"end":{"line":70,"column":11}}],"line":67},"9":{"loc":{"start":{"line":79,"column":10},"end":{"line":82,"column":11}},"type":"if","locations":[{"start":{"line":79,"column":10},"end":{"line":82,"column":11}},{"start":{"line":79,"column":10},"end":{"line":82,"column":11}}],"line":79},"10":{"loc":{"start":{"line":85,"column":10},"end":{"line":90,"column":11}},"type":"if","locations":[{"start":{"line":85,"column":10},"end":{"line":90,"column":11}},{"start":{"line":85,"column":10},"end":{"line":90,"column":11}}],"line":85},"11":{"loc":{"start":{"line":101,"column":4},"end":{"line":103,"column":5}},"type":"if","locations":[{"start":{"line":101,"column":4},"end":{"line":103,"column":5}},{"start":{"line":101,"column":4},"end":{"line":103,"column":5}}],"line":101},"12":{"loc":{"start":{"line":111,"column":6},"end":{"line":111,"column":52}},"type":"if","locations":[{"start":{"line":111,"column":6},"end":{"line":111,"column":52}},{"start":{"line":111,"column":6},"end":{"line":111,"column":52}}],"line":111},"13":{"loc":{"start":{"line":121,"column":6},"end":{"line":121,"column":47}},"type":"if","locations":[{"start":{"line":121,"column":6},"end":{"line":121,"column":47}},{"start":{"line":121,"column":6},"end":{"line":121,"column":47}}],"line":121},"14":{"loc":{"start":{"line":123,"column":6},"end":{"line":123,"column":66}},"type":"if","locations":[{"start":{"line":123,"column":6},"end":{"line":123,"column":66}},{"start":{"line":123,"column":6},"end":{"line":123,"column":66}}],"line":123}},"s":{"0":3,"1":3,"2":3,"3":3,"4":3,"5":48,"6":42,"7":42,"8":7,"9":2,"10":2,"11":5,"12":2,"13":2,"14":3,"15":1,"16":1,"17":2,"18":0,"19":2,"20":2,"21":6,"22":6,"23":6,"24":6,"25":6,"26":11,"27":4,"28":4,"29":1,"30":1,"31":3,"32":1,"33":1,"34":1,"35":7,"36":1,"37":1,"38":6,"39":6,"40":1,"41":1,"42":5,"43":1,"44":1,"45":4,"46":1,"47":10,"48":1,"49":9,"50":22,"51":22,"52":22,"53":22,"54":1,"55":21,"56":21,"57":3,"58":18,"59":1,"60":4,"61":3},"f":{"0":48,"1":42,"2":7,"3":6,"4":10},"b":{"0":[2,5],"1":[2,3],"2":[1,2],"3":[3,1],"4":[0,2],"5":[4,7],"6":[1,3],"7":[1,2],"8":[1,6],"9":[1,5],"10":[1,4],"11":[1,9],"12":[1,21],"13":[3,18],"14":[1,17]},"_coverageSchema":"332fd63041d2c1bcb487cc26dd0d5f7d97098a6c","hash":"0bd2b6b1d185b2039d2bb53c42837c9def032a1b"}
,"/Users/liyuncheng/git_proj/cryptochain/util/crypto-hash.js": {"path":"/Users/liyuncheng/git_proj/cryptochain/util/crypto-hash.js","statementMap":{"0":{"start":{"line":1,"column":15},"end":{"line":1,"column":32}},"1":{"start":{"line":3,"column":19},"end":{"line":14,"column":1}},"2":{"start":{"line":4,"column":15},"end":{"line":4,"column":42}},"3":{"start":{"line":6,"column":2},"end":{"line":11,"column":4}},"4":{"start":{"line":8,"column":20},"end":{"line":8,"column":41}},"5":{"start":{"line":13,"column":2},"end":{"line":13,"column":28}},"6":{"start":{"line":16,"column":0},"end":{"line":16,"column":28}}},"fnMap":{"0":{"name":"(anonymous_0)","decl":{"start":{"line":3,"column":19},"end":{"line":3,"column":20}},"loc":{"start":{"line":3,"column":34},"end":{"line":14,"column":1}},"line":3},"1":{"name":"(anonymous_1)","decl":{"start":{"line":8,"column":11},"end":{"line":8,"column":12}},"loc":{"start":{"line":8,"column":20},"end":{"line":8,"column":41}},"line":8}},"branchMap":{},"s":{"0":6,"1":6,"2":406,"3":406,"4":1558,"5":406,"6":6},"f":{"0":406,"1":1558},"b":{},"_coverageSchema":"332fd63041d2c1bcb487cc26dd0d5f7d97098a6c","hash":"8b212a9db2d60163b3dea746806704febb1756cb"}
,"/Users/liyuncheng/git_proj/cryptochain/util/index.js": {"path":"/Users/liyuncheng/git_proj/cryptochain/util/index.js","statementMap":{"0":{"start":{"line":1,"column":11},"end":{"line":1,"column":33}},"1":{"start":{"line":3,"column":11},"end":{"line":3,"column":30}},"2":{"start":{"line":4,"column":19},"end":{"line":4,"column":43}},"3":{"start":{"line":6,"column":24},"end":{"line":10,"column":1}},"4":{"start":{"line":7,"column":24},"end":{"line":7,"column":58}},"5":{"start":{"line":9,"column":2},"end":{"line":9,"column":59}},"6":{"start":{"line":12,"column":0},"end":{"line":12,"column":53}}},"fnMap":{"0":{"name":"(anonymous_0)","decl":{"start":{"line":6,"column":24},"end":{"line":6,"column":25}},"loc":{"start":{"line":6,"column":60},"end":{"line":10,"column":1}},"line":6}},"branchMap":{},"s":{"0":4,"1":4,"2":4,"3":4,"4":23,"5":23,"6":4},"f":{"0":23},"b":{},"_coverageSchema":"332fd63041d2c1bcb487cc26dd0d5f7d97098a6c","hash":"ee291aa7f7212a9c04515c0f3cb6db61cc60986f"}
,"/Users/liyuncheng/git_proj/cryptochain/wallet/index.js": {"path":"/Users/liyuncheng/git_proj/cryptochain/wallet/index.js","statementMap":{"0":{"start":{"line":1,"column":20},"end":{"line":1,"column":44}},"1":{"start":{"line":2,"column":29},"end":{"line":2,"column":49}},"2":{"start":{"line":3,"column":27},"end":{"line":3,"column":51}},"3":{"start":{"line":7,"column":4},"end":{"line":7,"column":36}},"4":{"start":{"line":8,"column":4},"end":{"line":8,"column":35}},"5":{"start":{"line":9,"column":4},"end":{"line":9,"column":60}},"6":{"start":{"line":14,"column":4},"end":{"line":14,"column":47}},"7":{"start":{"line":19,"column":4},"end":{"line":24,"column":5}},"8":{"start":{"line":20,"column":6},"end":{"line":23,"column":9}},"9":{"start":{"line":26,"column":4},"end":{"line":28,"column":5}},"10":{"start":{"line":27,"column":6},"end":{"line":27,"column":48}},"11":{"start":{"line":30,"column":4},"end":{"line":30,"column":70}},"12":{"start":{"line":35,"column":36},"end":{"line":35,"column":41}},"13":{"start":{"line":36,"column":23},"end":{"line":36,"column":24}},"14":{"start":{"line":37,"column":4},"end":{"line":53,"column":5}},"15":{"start":{"line":38,"column":20},"end":{"line":38,"column":28}},"16":{"start":{"line":40,"column":6},"end":{"line":49,"column":7}},"17":{"start":{"line":41,"column":8},"end":{"line":43,"column":9}},"18":{"start":{"line":42,"column":10},"end":{"line":42,"column":43}},"19":{"start":{"line":44,"column":30},"end":{"line":44,"column":60}},"20":{"start":{"line":46,"column":8},"end":{"line":48,"column":9}},"21":{"start":{"line":47,"column":10},"end":{"line":47,"column":40}},"22":{"start":{"line":50,"column":6},"end":{"line":52,"column":7}},"23":{"start":{"line":51,"column":8},"end":{"line":51,"column":14}},"24":{"start":{"line":55,"column":4},"end":{"line":57,"column":40}},"25":{"start":{"line":61,"column":0},"end":{"line":61,"column":24}}},"fnMap":{"0":{"name":"(anonymous_0)","decl":{"start":{"line":6,"column":2},"end":{"line":6,"column":3}},"loc":{"start":{"line":6,"column":16},"end":{"line":10,"column":3}},"line":6},"1":{"name":"(anonymous_1)","decl":{"start":{"line":13,"column":2},"end":{"line":13,"column":3}},"loc":{"start":{"line":13,"column":13},"end":{"line":15,"column":3}},"line":13},"2":{"name":"(anonymous_2)","decl":{"start":{"line":18,"column":2},"end":{"line":18,"column":3}},"loc":{"start":{"line":18,"column":50},"end":{"line":31,"column":3}},"line":18},"3":{"name":"(anonymous_3)","decl":{"start":{"line":34,"column":2},"end":{"line":34,"column":3}},"loc":{"start":{"line":34,"column":46},"end":{"line":58,"column":3}},"line":34}},"branchMap":{"0":{"loc":{"start":{"line":19,"column":4},"end":{"line":24,"column":5}},"type":"if","locations":[{"start":{"line":19,"column":4},"end":{"line":24,"column":5}},{"start":{"line":19,"column":4},"end":{"line":24,"column":5}}],"line":19},"1":{"loc":{"start":{"line":26,"column":4},"end":{"line":28,"column":5}},"type":"if","locations":[{"start":{"line":26,"column":4},"end":{"line":28,"column":5}},{"start":{"line":26,"column":4},"end":{"line":28,"column":5}}],"line":26},"2":{"loc":{"start":{"line":41,"column":8},"end":{"line":43,"column":9}},"type":"if","locations":[{"start":{"line":41,"column":8},"end":{"line":43,"column":9}},{"start":{"line":41,"column":8},"end":{"line":43,"column":9}}],"line":41},"3":{"loc":{"start":{"line":46,"column":8},"end":{"line":48,"column":9}},"type":"if","locations":[{"start":{"line":46,"column":8},"end":{"line":48,"column":9}},{"start":{"line":46,"column":8},"end":{"line":48,"column":9}}],"line":46},"4":{"loc":{"start":{"line":50,"column":6},"end":{"line":52,"column":7}},"type":"if","locations":[{"start":{"line":50,"column":6},"end":{"line":52,"column":7}},{"start":{"line":50,"column":6},"end":{"line":52,"column":7}}],"line":50},"5":{"loc":{"start":{"line":55,"column":11},"end":{"line":57,"column":39}},"type":"cond-expr","locations":[{"start":{"line":56,"column":8},"end":{"line":56,"column":20}},{"start":{"line":57,"column":8},"end":{"line":57,"column":39}}],"line":55}},"s":{"0":4,"1":4,"2":4,"3":69,"4":69,"5":69,"6":91,"7":27,"8":1,"9":27,"10":1,"11":26,"12":10,"13":10,"14":10,"15":4,"16":4,"17":6,"18":2,"19":6,"20":6,"21":6,"22":4,"23":2,"24":10,"25":4},"f":{"0":69,"1":91,"2":27,"3":10},"b":{"0":[1,26],"1":[1,26],"2":[2,4],"3":[6,0],"4":[2,2],"5":[2,8]},"_coverageSchema":"332fd63041d2c1bcb487cc26dd0d5f7d97098a6c","hash":"85ac8b6dff2d38732f9d30eee5c1a8c173747ee2"}
,"/Users/liyuncheng/git_proj/cryptochain/wallet/transaction-pool.js": {"path":"/Users/liyuncheng/git_proj/cryptochain/wallet/transaction-pool.js","statementMap":{"0":{"start":{"line":1,"column":20},"end":{"line":1,"column":44}},"1":{"start":{"line":10,"column":4},"end":{"line":10,"column":29}},"2":{"start":{"line":14,"column":4},"end":{"line":14,"column":54}},"3":{"start":{"line":18,"column":4},"end":{"line":18,"column":41}},"4":{"start":{"line":22,"column":4},"end":{"line":22,"column":29}},"5":{"start":{"line":26,"column":25},"end":{"line":26,"column":59}},"6":{"start":{"line":28,"column":4},"end":{"line":30,"column":6}},"7":{"start":{"line":29,"column":21},"end":{"line":29,"column":63}},"8":{"start":{"line":34,"column":4},"end":{"line":36,"column":6}},"9":{"start":{"line":35,"column":6},"end":{"line":35,"column":47}},"10":{"start":{"line":40,"column":4},"end":{"line":48,"column":5}},"11":{"start":{"line":41,"column":20},"end":{"line":41,"column":28}},"12":{"start":{"line":43,"column":6},"end":{"line":47,"column":7}},"13":{"start":{"line":44,"column":8},"end":{"line":46,"column":9}},"14":{"start":{"line":45,"column":10},"end":{"line":45,"column":53}},"15":{"start":{"line":52,"column":0},"end":{"line":52,"column":33}}},"fnMap":{"0":{"name":"(anonymous_0)","decl":{"start":{"line":9,"column":2},"end":{"line":9,"column":3}},"loc":{"start":{"line":9,"column":16},"end":{"line":11,"column":3}},"line":9},"1":{"name":"(anonymous_1)","decl":{"start":{"line":13,"column":2},"end":{"line":13,"column":3}},"loc":{"start":{"line":13,"column":30},"end":{"line":15,"column":3}},"line":13},"2":{"name":"(anonymous_2)","decl":{"start":{"line":17,"column":2},"end":{"line":17,"column":3}},"loc":{"start":{"line":17,"column":25},"end":{"line":19,"column":3}},"line":17},"3":{"name":"(anonymous_3)","decl":{"start":{"line":21,"column":2},"end":{"line":21,"column":3}},"loc":{"start":{"line":21,"column":10},"end":{"line":23,"column":3}},"line":21},"4":{"name":"(anonymous_4)","decl":{"start":{"line":25,"column":2},"end":{"line":25,"column":3}},"loc":{"start":{"line":25,"column":40},"end":{"line":31,"column":3}},"line":25},"5":{"name":"(anonymous_5)","decl":{"start":{"line":29,"column":6},"end":{"line":29,"column":7}},"loc":{"start":{"line":29,"column":21},"end":{"line":29,"column":63}},"line":29},"6":{"name":"(anonymous_6)","decl":{"start":{"line":33,"column":2},"end":{"line":33,"column":3}},"loc":{"start":{"line":33,"column":22},"end":{"line":37,"column":3}},"line":33},"7":{"name":"(anonymous_7)","decl":{"start":{"line":34,"column":53},"end":{"line":34,"column":54}},"loc":{"start":{"line":35,"column":6},"end":{"line":35,"column":47}},"line":35},"8":{"name":"(anonymous_8)","decl":{"start":{"line":39,"column":2},"end":{"line":39,"column":3}},"loc":{"start":{"line":39,"column":41},"end":{"line":49,"column":3}},"line":39}},"branchMap":{"0":{"loc":{"start":{"line":44,"column":8},"end":{"line":46,"column":9}},"type":"if","locations":[{"start":{"line":44,"column":8},"end":{"line":46,"column":9}},{"start":{"line":44,"column":8},"end":{"line":46,"column":9}}],"line":44}},"s":{"0":1,"1":6,"2":28,"3":0,"4":1,"5":1,"6":1,"7":1,"8":2,"9":20,"10":1,"11":3,"12":3,"13":3,"14":3,"15":1},"f":{"0":6,"1":28,"2":0,"3":1,"4":1,"5":1,"6":2,"7":20,"8":1},"b":{"0":[3,0]},"_coverageSchema":"332fd63041d2c1bcb487cc26dd0d5f7d97098a6c","hash":"a6b419c96076860a0d18aed9fde5638d22db3f6b"}
,"/Users/liyuncheng/git_proj/cryptochain/wallet/transaction.js": {"path":"/Users/liyuncheng/git_proj/cryptochain/wallet/transaction.js","statementMap":{"0":{"start":{"line":1,"column":13},"end":{"line":1,"column":31}},"1":{"start":{"line":2,"column":28},"end":{"line":2,"column":46}},"2":{"start":{"line":3,"column":40},"end":{"line":3,"column":60}},"3":{"start":{"line":8,"column":4},"end":{"line":8,"column":21}},"4":{"start":{"line":9,"column":4},"end":{"line":10,"column":77}},"5":{"start":{"line":11,"column":4},"end":{"line":12,"column":77}},"6":{"start":{"line":17,"column":22},"end":{"line":17,"column":24}},"7":{"start":{"line":19,"column":4},"end":{"line":19,"column":34}},"8":{"start":{"line":20,"column":4},"end":{"line":20,"column":70}},"9":{"start":{"line":22,"column":4},"end":{"line":22,"column":21}},"10":{"start":{"line":26,"column":4},"end":{"line":31,"column":6}},"11":{"start":{"line":38,"column":8},"end":{"line":38,"column":19}},"12":{"start":{"line":39,"column":24},"end":{"line":41,"column":5}},"13":{"start":{"line":40,"column":31},"end":{"line":40,"column":51}},"14":{"start":{"line":43,"column":4},"end":{"line":46,"column":5}},"15":{"start":{"line":44,"column":6},"end":{"line":44,"column":59}},"16":{"start":{"line":45,"column":6},"end":{"line":45,"column":19}},"17":{"start":{"line":48,"column":4},"end":{"line":51,"column":5}},"18":{"start":{"line":49,"column":6},"end":{"line":49,"column":69}},"19":{"start":{"line":50,"column":6},"end":{"line":50,"column":19}},"20":{"start":{"line":52,"column":4},"end":{"line":52,"column":16}},"21":{"start":{"line":57,"column":4},"end":{"line":59,"column":5}},"22":{"start":{"line":58,"column":6},"end":{"line":58,"column":48}},"23":{"start":{"line":62,"column":4},"end":{"line":66,"column":5}},"24":{"start":{"line":63,"column":6},"end":{"line":63,"column":41}},"25":{"start":{"line":65,"column":6},"end":{"line":65,"column":69}},"26":{"start":{"line":69,"column":4},"end":{"line":70,"column":54}},"27":{"start":{"line":71,"column":4},"end":{"line":71,"column":79}},"28":{"start":{"line":75,"column":4},"end":{"line":80,"column":7}},"29":{"start":{"line":83,"column":0},"end":{"line":83,"column":5}},"30":{"start":{"line":84,"column":0},"end":{"line":84,"column":29}}},"fnMap":{"0":{"name":"(anonymous_0)","decl":{"start":{"line":6,"column":2},"end":{"line":6,"column":3}},"loc":{"start":{"line":6,"column":69},"end":{"line":13,"column":3}},"line":6},"1":{"name":"(anonymous_1)","decl":{"start":{"line":16,"column":2},"end":{"line":16,"column":3}},"loc":{"start":{"line":16,"column":55},"end":{"line":23,"column":3}},"line":16},"2":{"name":"(anonymous_2)","decl":{"start":{"line":25,"column":2},"end":{"line":25,"column":3}},"loc":{"start":{"line":25,"column":43},"end":{"line":32,"column":3}},"line":25},"3":{"name":"(anonymous_3)","decl":{"start":{"line":34,"column":2},"end":{"line":34,"column":3}},"loc":{"start":{"line":34,"column":39},"end":{"line":53,"column":3}},"line":34},"4":{"name":"(anonymous_4)","decl":{"start":{"line":40,"column":6},"end":{"line":40,"column":7}},"loc":{"start":{"line":40,"column":31},"end":{"line":40,"column":51}},"line":40},"5":{"name":"(anonymous_5)","decl":{"start":{"line":55,"column":2},"end":{"line":55,"column":3}},"loc":{"start":{"line":55,"column":46},"end":{"line":72,"column":3}},"line":55},"6":{"name":"(anonymous_6)","decl":{"start":{"line":74,"column":2},"end":{"line":74,"column":3}},"loc":{"start":{"line":74,"column":44},"end":{"line":81,"column":3}},"line":74}},"branchMap":{"0":{"loc":{"start":{"line":10,"column":6},"end":{"line":10,"column":76}},"type":"binary-expr","locations":[{"start":{"line":10,"column":6},"end":{"line":10,"column":15}},{"start":{"line":10,"column":19},"end":{"line":10,"column":76}}],"line":10},"1":{"loc":{"start":{"line":12,"column":6},"end":{"line":12,"column":76}},"type":"binary-expr","locations":[{"start":{"line":12,"column":6},"end":{"line":12,"column":11}},{"start":{"line":12,"column":15},"end":{"line":12,"column":76}}],"line":12},"2":{"loc":{"start":{"line":43,"column":4},"end":{"line":46,"column":5}},"type":"if","locations":[{"start":{"line":43,"column":4},"end":{"line":46,"column":5}},{"start":{"line":43,"column":4},"end":{"line":46,"column":5}}],"line":43},"3":{"loc":{"start":{"line":48,"column":4},"end":{"line":51,"column":5}},"type":"if","locations":[{"start":{"line":48,"column":4},"end":{"line":51,"column":5}},{"start":{"line":48,"column":4},"end":{"line":51,"column":5}}],"line":48},"4":{"loc":{"start":{"line":57,"column":4},"end":{"line":59,"column":5}},"type":"if","locations":[{"start":{"line":57,"column":4},"end":{"line":59,"column":5}},{"start":{"line":57,"column":4},"end":{"line":59,"column":5}}],"line":57},"5":{"loc":{"start":{"line":62,"column":4},"end":{"line":66,"column":5}},"type":"if","locations":[{"start":{"line":62,"column":4},"end":{"line":66,"column":5}},{"start":{"line":62,"column":4},"end":{"line":66,"column":5}}],"line":62}},"s":{"0":4,"1":4,"2":4,"3":82,"4":82,"5":82,"6":73,"7":73,"8":73,"9":73,"10":81,"11":30,"12":30,"13":30,"14":30,"15":10,"16":10,"17":20,"18":7,"19":7,"20":13,"21":9,"22":1,"23":8,"24":6,"25":2,"26":8,"27":8,"28":9,"29":4,"30":4},"f":{"0":82,"1":73,"2":81,"3":30,"4":30,"5":9,"6":9},"b":{"0":[82,73],"1":[82,73],"2":[10,20],"3":[7,13],"4":[1,8],"5":[6,2]},"_coverageSchema":"332fd63041d2c1bcb487cc26dd0d5f7d97098a6c","hash":"d768f93e8f529e196ae5bdace48809e5c268b731"}
}
