TN:
SF:/Users/liyuncheng/git_proj/cryptochain/config.js
FNF:0
FNH:0
DA:1,5
DA:2,5
DA:4,5
DA:13,5
DA:15,5
DA:19,5
DA:21,5
LF:7
LH:7
BRF:0
BRH:0
end_of_record
TN:
SF:/Users/liyuncheng/git_proj/cryptochain/blockchain/block.js
FN:6,(anonymous_0)
FN:15,(anonymous_1)
FN:19,(anonymous_2)
FN:43,(anonymous_3)
FNF:4
FNH:4
FNDA:106,(anonymous_0)
FNDA:61,(anonymous_1)
FNDA:43,(anonymous_2)
FNDA:267,(anonymous_3)
DA:1,4
DA:2,4
DA:3,4
DA:7,106
DA:8,106
DA:9,106
DA:10,106
DA:11,106
DA:12,106
DA:16,61
DA:20,43
DA:23,43
DA:24,43
DA:26,43
DA:27,264
DA:28,264
DA:29,264
DA:33,264
DA:39,43
DA:44,267
DA:46,267
DA:48,266
DA:50,210
DA:54,4
LF:24
LH:24
BRDA:46,0,0,1
BRDA:46,0,1,266
BRDA:48,1,0,56
BRDA:48,1,1,210
BRF:4
BRH:4
end_of_record
TN:
SF:/Users/liyuncheng/git_proj/cryptochain/blockchain/index.js
FN:8,(anonymous_0)
FN:12,(anonymous_1)
FN:24,(anonymous_2)
FN:45,(anonymous_3)
FN:99,(anonymous_4)
FNF:5
FNH:5
FNDA:48,(anonymous_0)
FNDA:42,(anonymous_1)
FNDA:7,(anonymous_2)
FNDA:6,(anonymous_3)
FNDA:10,(anonymous_4)
DA:1,3
DA:2,3
DA:3,3
DA:4,3
DA:5,3
DA:9,48
DA:13,42
DA:18,42
DA:25,7
DA:26,2
DA:27,2
DA:30,5
DA:31,2
DA:32,2
DA:35,3
DA:36,1
DA:37,1
DA:40,2
DA:41,2
DA:42,2
DA:46,6
DA:47,6
DA:48,6
DA:49,6
DA:51,6
DA:52,11
DA:53,4
DA:55,4
DA:56,1
DA:57,1
DA:60,3
DA:61,1
DA:62,1
DA:63,1
DA:67,7
DA:68,1
DA:69,1
DA:72,6
DA:79,6
DA:80,1
DA:81,1
DA:85,5
DA:86,1
DA:89,1
DA:91,4
DA:96,1
DA:101,10
DA:102,1
DA:105,9
DA:106,22
DA:107,22
DA:108,22
DA:111,22
DA:113,21
DA:121,21
DA:123,18
DA:126,4
DA:130,3
LF:58
LH:58
BRDA:25,0,0,2
BRDA:25,0,1,5
BRDA:30,1,0,2
BRDA:30,1,1,3
BRDA:35,2,0,1
BRDA:35,2,1,2
BRDA:35,3,0,3
BRDA:35,3,1,1
BRDA:40,4,0,0
BRDA:40,4,1,2
BRDA:52,5,0,4
BRDA:52,5,1,7
BRDA:55,6,0,1
BRDA:55,6,1,3
BRDA:60,7,0,1
BRDA:60,7,1,2
BRDA:67,8,0,1
BRDA:67,8,1,6
BRDA:79,9,0,1
BRDA:79,9,1,5
BRDA:85,10,0,1
BRDA:85,10,1,4
BRDA:101,11,0,1
BRDA:101,11,1,9
BRDA:111,12,0,1
BRDA:111,12,1,21
BRDA:121,13,0,3
BRDA:121,13,1,18
BRDA:123,14,0,1
BRDA:123,14,1,17
BRF:30
BRH:29
end_of_record
TN:
SF:/Users/liyuncheng/git_proj/cryptochain/util/crypto-hash.js
FN:3,(anonymous_0)
FN:8,(anonymous_1)
FNF:2
FNH:2
FNDA:406,(anonymous_0)
FNDA:1558,(anonymous_1)
DA:1,6
DA:3,6
DA:4,406
DA:6,406
DA:8,1558
DA:13,406
DA:16,6
LF:7
LH:7
BRF:0
BRH:0
end_of_record
TN:
SF:/Users/liyuncheng/git_proj/cryptochain/util/index.js
FN:6,(anonymous_0)
FNF:1
FNH:1
FNDA:23,(anonymous_0)
DA:1,4
DA:3,4
DA:4,4
DA:6,4
DA:7,23
DA:9,23
DA:12,4
LF:7
LH:7
BRF:0
BRH:0
end_of_record
TN:
SF:/Users/liyuncheng/git_proj/cryptochain/wallet/index.js
FN:6,(anonymous_0)
FN:13,(anonymous_1)
FN:18,(anonymous_2)
FN:34,(anonymous_3)
FNF:4
FNH:4
FNDA:69,(anonymous_0)
FNDA:91,(anonymous_1)
FNDA:27,(anonymous_2)
FNDA:10,(anonymous_3)
DA:1,4
DA:2,4
DA:3,4
DA:7,69
DA:8,69
DA:9,69
DA:14,91
DA:19,27
DA:20,1
DA:26,27
DA:27,1
DA:30,26
DA:35,10
DA:36,10
DA:37,10
DA:38,4
DA:40,4
DA:41,6
DA:42,2
DA:44,6
DA:46,6
DA:47,6
DA:50,4
DA:51,2
DA:55,10
DA:61,4
LF:26
LH:26
BRDA:19,0,0,1
BRDA:19,0,1,26
BRDA:26,1,0,1
BRDA:26,1,1,26
BRDA:41,2,0,2
BRDA:41,2,1,4
BRDA:46,3,0,6
BRDA:46,3,1,0
BRDA:50,4,0,2
BRDA:50,4,1,2
BRDA:55,5,0,2
BRDA:55,5,1,8
BRF:12
BRH:11
end_of_record
TN:
SF:/Users/liyuncheng/git_proj/cryptochain/wallet/transaction-pool.js
FN:9,(anonymous_0)
FN:13,(anonymous_1)
FN:17,(anonymous_2)
FN:21,(anonymous_3)
FN:25,(anonymous_4)
FN:29,(anonymous_5)
FN:33,(anonymous_6)
FN:34,(anonymous_7)
FN:39,(anonymous_8)
FNF:9
FNH:8
FNDA:6,(anonymous_0)
FNDA:28,(anonymous_1)
FNDA:0,(anonymous_2)
FNDA:1,(anonymous_3)
FNDA:1,(anonymous_4)
FNDA:1,(anonymous_5)
FNDA:2,(anonymous_6)
FNDA:20,(anonymous_7)
FNDA:1,(anonymous_8)
DA:1,1
DA:10,6
DA:14,28
DA:18,0
DA:22,1
DA:26,1
DA:28,1
DA:29,1
DA:34,2
DA:35,20
DA:40,1
DA:41,3
DA:43,3
DA:44,3
DA:45,3
DA:52,1
LF:16
LH:15
BRDA:44,0,0,3
BRDA:44,0,1,0
BRF:2
BRH:1
end_of_record
TN:
SF:/Users/liyuncheng/git_proj/cryptochain/wallet/transaction.js
FN:6,(anonymous_0)
FN:16,(anonymous_1)
FN:25,(anonymous_2)
FN:34,(anonymous_3)
FN:40,(anonymous_4)
FN:55,(anonymous_5)
FN:74,(anonymous_6)
FNF:7
FNH:7
FNDA:82,(anonymous_0)
FNDA:73,(anonymous_1)
FNDA:81,(anonymous_2)
FNDA:30,(anonymous_3)
FNDA:30,(anonymous_4)
FNDA:9,(anonymous_5)
FNDA:9,(anonymous_6)
DA:1,4
DA:2,4
DA:3,4
DA:8,82
DA:9,82
DA:11,82
DA:17,73
DA:19,73
DA:20,73
DA:22,73
DA:26,81
DA:38,30
DA:39,30
DA:40,30
DA:43,30
DA:44,10
DA:45,10
DA:48,20
DA:49,7
DA:50,7
DA:52,13
DA:57,9
DA:58,1
DA:62,8
DA:63,6
DA:65,2
DA:69,8
DA:71,8
DA:75,9
DA:83,4
DA:84,4
LF:31
LH:31
BRDA:10,0,0,82
BRDA:10,0,1,73
BRDA:12,1,0,82
BRDA:12,1,1,73
BRDA:43,2,0,10
BRDA:43,2,1,20
BRDA:48,3,0,7
BRDA:48,3,1,13
BRDA:57,4,0,1
BRDA:57,4,1,8
BRDA:62,5,0,6
BRDA:62,5,1,2
BRF:12
BRH:12
end_of_record
